<?xml version="1.0" encoding="UTF-8"?>
<testsuite xmlns:xsi="http://www.w3.org/2001/XMLSchema-instance" xsi:noNamespaceSchemaLocation="https://maven.apache.org/surefire/maven-surefire-plugin/xsd/surefire-test-report.xsd" name="Scenario: User Login into the Adactin Application" time="3.939" tests="5" errors="0" skipped="0" failures="0">
  <properties>
[...]
</properties>
  <testcase name="Scenario: User Login into the Adactin Application" classname="Scenario: User Login into the Adactin Application" time="0"/>
  <testcase name="Given user Launch the Adactin Application" classname="Scenario: User Login into the Adactin Application" time="0.001"/>
  <testcase name="When user Enter the Username in the Username Field" classname="Scenario: User Login into the Adactin Application" time="0"/>
  <testcase name="And user Enter the Password in the Password Field" classname="Scenario: User Login into the Adactin Application" time="0"/>
  <testcase name="Then user Clicks the Login Button And it Navigates to the Search Hotel Page" classname="Scenario: User Login into the Adactin Application" time="0.001"/>
</testsuite>